<?xml version="1.0" encoding="UTF-8"?>
<testng-results ignored="2" total="3" passed="1" failed="0" skipped="0">
  <reporter-output>
  </reporter-output>
  <suite started-at="2021-02-09T05:48:42 CST" name="Default suite" finished-at="2021-02-09T05:48:47 CST" duration-ms="4423">
    <groups>
    </groups>
    <test started-at="2021-02-09T05:48:42 CST" name="Default test" finished-at="2021-02-09T05:48:47 CST" duration-ms="4423">
      <class name="com.crm.qa.testcases.LoginPageTest">
        <test-method is-config="true" signature="setUp()[pri:0, instance:com.crm.qa.testcases.LoginPageTest@5552768b]" started-at="2021-02-09T05:48:42 CST" name="setUp" finished-at="2021-02-09T05:48:46 CST" duration-ms="3723" status="PASS">
          <reporter-output>
          </reporter-output>
        </test-method> <!-- setUp -->
        <test-method signature="loginPageTitleTest()[pri:1, instance:com.crm.qa.testcases.LoginPageTest@5552768b]" started-at="2021-02-09T05:48:46 CST" name="loginPageTitleTest" finished-at="2021-02-09T05:48:46 CST" duration-ms="13" status="PASS">
          <reporter-output>
          </reporter-output>
        </test-method> <!-- loginPageTitleTest -->
        <test-method is-config="true" signature="tearDown()[pri:0, instance:com.crm.qa.testcases.LoginPageTest@5552768b]" started-at="2021-02-09T05:48:46 CST" name="tearDown" finished-at="2021-02-09T05:48:47 CST" duration-ms="653" status="PASS">
          <reporter-output>
          </reporter-output>
        </test-method> <!-- tearDown -->
      </class> <!-- com.crm.qa.testcases.LoginPageTest -->
    </test> <!-- Default test -->
  </suite> <!-- Default suite -->
</testng-results>
